<?xml version="1.0" encoding="UTF-8"?>
<testsuite name="co.konecta.sura.api.runner.PrincipalRunner" tests="0" skipped="0" failures="0" errors="0" timestamp="1970-01-01T00:00:00" hostname="SERGIO" time="0.0">
  <properties/>
  <system-out><![CDATA[
Failed scenarios:
file:///C:/Users/Sergio/Documents/Sura_Apis/src/test/resources/features/ParametrizacionCalculoTiempoMonitoreoSitio.feature:7 # Creacion Exitosa de parametrizacion calculo de tiempo monitoreo sitio

1 Scenarios (1 failed)
4 Steps (1 failed, 1 skipped, 2 passed)
0m7,168s


java.lang.AssertionError: 1 expectation failed.
JSON path message doesn't match.
Expected: Registro guardado correctamente
  Actual: No se puede guardar, ya se encuentra una parametrización con el mismo nombre

	at sun.reflect.NativeConstructorAccessorImpl.newInstance0(Native Method)
	at sun.reflect.NativeConstructorAccessorImpl.newInstance(NativeConstructorAccessorImpl.java:62)
	at sun.reflect.DelegatingConstructorAccessorImpl.newInstance(DelegatingConstructorAccessorImpl.java:45)
	at java.lang.reflect.Constructor.newInstance(Constructor.java:423)
	at org.codehaus.groovy.reflection.CachedConstructor.invoke(CachedConstructor.java:73)
	at org.codehaus.groovy.reflection.CachedConstructor.doConstructorInvoke(CachedConstructor.java:60)
	at org.codehaus.groovy.runtime.callsite.ConstructorSite$ConstructorSiteNoUnwrap.callConstructor(ConstructorSite.java:86)
	at org.codehaus.groovy.runtime.callsite.CallSiteArray.defaultCallConstructor(CallSiteArray.java:57)
	at org.codehaus.groovy.runtime.callsite.AbstractCallSite.callConstructor(AbstractCallSite.java:263)
	at org.codehaus.groovy.runtime.callsite.AbstractCallSite.callConstructor(AbstractCallSite.java:277)
	at io.restassured.internal.ResponseSpecificationImpl$HamcrestAssertionClosure.validate(ResponseSpecificationImpl.groovy:512)
	at io.restassured.internal.ResponseSpecificationImpl$HamcrestAssertionClosure$validate$1.call(Unknown Source)
	at io.restassured.internal.ResponseSpecificationImpl.validateResponseIfRequired(ResponseSpecificationImpl.groovy:696)
	at io.restassured.internal.ResponseSpecificationImpl.this$2$validateResponseIfRequired(ResponseSpecificationImpl.groovy)
	at sun.reflect.NativeMethodAccessorImpl.invoke0(Native Method)
	at sun.reflect.NativeMethodAccessorImpl.invoke(NativeMethodAccessorImpl.java:62)
	at sun.reflect.DelegatingMethodAccessorImpl.invoke(DelegatingMethodAccessorImpl.java:43)
	at java.lang.reflect.Method.invoke(Method.java:498)
	at org.codehaus.groovy.runtime.callsite.PlainObjectMetaMethodSite.doInvoke(PlainObjectMetaMethodSite.java:43)
	at org.codehaus.groovy.runtime.callsite.PogoMetaMethodSite$PogoCachedMethodSiteNoUnwrapNoCoerce.invoke(PogoMetaMethodSite.java:198)
	at org.codehaus.groovy.runtime.callsite.PogoMetaMethodSite.callCurrent(PogoMetaMethodSite.java:62)
	at org.codehaus.groovy.runtime.callsite.CallSiteArray.defaultCallCurrent(CallSiteArray.java:49)
	at org.codehaus.groovy.runtime.callsite.AbstractCallSite.callCurrent(AbstractCallSite.java:171)
	at org.codehaus.groovy.runtime.callsite.AbstractCallSite.callCurrent(AbstractCallSite.java:185)
	at io.restassured.internal.ResponseSpecificationImpl.body(ResponseSpecificationImpl.groovy:270)
	at io.restassured.specification.ResponseSpecification$body$1.callCurrent(Unknown Source)
	at org.codehaus.groovy.runtime.callsite.CallSiteArray.defaultCallCurrent(CallSiteArray.java:49)
	at org.codehaus.groovy.runtime.callsite.AbstractCallSite.callCurrent(AbstractCallSite.java:171)
	at org.codehaus.groovy.runtime.callsite.AbstractCallSite.callCurrent(AbstractCallSite.java:212)
	at io.restassured.internal.ResponseSpecificationImpl.body(ResponseSpecificationImpl.groovy:117)
	at io.restassured.internal.ValidatableResponseOptionsImpl.body(ValidatableResponseOptionsImpl.java:244)
	at co.konecta.sura.api.Tareas.Parametrizaciones.CalculoTiempoMonitoreoSitio.CalculoTiempoMonitoreoSitioCreacionTask.performAs(CalculoTiempoMonitoreoSitioCreacionTask.java:33)
	at net.serenitybdd.screenplay.Actor.performTask(Actor.java:283)
	at net.serenitybdd.screenplay.Actor.perform(Actor.java:262)
	at net.serenitybdd.screenplay.Actor.performWithoutReporting(Actor.java:246)
	at net.serenitybdd.screenplay.Actor.attemptsTo(Actor.java:201)
	at net.serenitybdd.screenplay.Actor.attemptsTo(Actor.java:210)
	at co.konecta.sura.api.stepdefinitions.Parametrizaciones.CalculoTiempoMonitoreoSitioStepDefinitions.datos_calculo_tiempo_monitoreo_en_sitio_nombre_momento_servicio_lineas_tipo_servicio_departamentos_municipios_delta(CalculoTiempoMonitoreoSitioStepDefinitions.java:36)
	at ?.Datos Calculo tiempo monitoreo en sitio, Nombre:"Pruebas Apis", Momento servicio:"33937", Lineas:"1578", TipoServicio:"486", Departamentos:"554", Municipios:"1016", Delta:"652"(file:///C:/Users/Sergio/Documents/Sura_Apis/src/test/resources/features/ParametrizacionCalculoTiempoMonitoreoSitio.feature:9)


]]></system-out>
  <system-err><![CDATA[[Test worker] INFO io.cucumber.core.plugin.SerenityReporter - Running feature from file:///C:/Users/Sergio/Documents/Sura_Apis/src/test/resources/features/CambioDeEstados.feature
[Test worker] INFO net.thucydides.core.steps.StepEventBus - Loading JUnit Platform configuration parameters from classpath resource [junit-platform.properties].
[Test worker] INFO  - 

-------------------------------------------------------------------------------------
     _______. _______ .______       _______ .__   __.  __  .___________.____    ____ 
    /       ||   ____||   _  \     |   ____||  \ |  | |  | |           |\   \  /   / 
   |   (----`|  |__   |  |_)  |    |  |__   |   \|  | |  | `---|  |----` \   \/   /  
    \   \    |   __|  |      /     |   __|  |  . `  | |  |     |  |       \_    _/   
.----)   |   |  |____ |  |\  \----.|  |____ |  |\   | |  |     |  |         |  |     
|_______/    |_______|| _| `._____||_______||__| \__| |__|     |__|         |__|    
                                                                                     
 News and tutorials at http://www.serenity-bdd.info                                  
 Documentation at https://wakaleo.gitbooks.io/the-serenity-book/content/             
 Join the Serenity Community on Gitter: https://gitter.im/serenity-bdd/serenity-core 
 Serenity BDD Support and Training at http://serenity-bdd.info/#/trainingandsupport  
-------------------------------------------------------------------------------------

[Test worker] INFO  - Test Suite Started: hacer cambios de estados de los expedientes
[Test worker] INFO io.cucumber.core.plugin.SerenityReporter - Running feature from file:///C:/Users/Sergio/Documents/Sura_Apis/src/test/resources/features/Caso.feature
[Test worker] INFO  - Test Suite Started: Creacion de Expediente
[Test worker] INFO io.cucumber.core.plugin.SerenityReporter - Running feature from file:///C:/Users/Sergio/Documents/Sura_Apis/src/test/resources/features/CierreTareaProactive.feature
[Test worker] INFO  - Test Suite Started: poder hacer cierre de tareas de monitoreo
[Test worker] INFO io.cucumber.core.plugin.SerenityReporter - Running feature from file:///C:/Users/Sergio/Documents/Sura_Apis/src/test/resources/features/EstadoDeReclamaciones.feature
[Test worker] INFO  - Test Suite Started: Modulo de estado de reclamaciones
[Test worker] INFO io.cucumber.core.plugin.SerenityReporter - Running feature from file:///C:/Users/Sergio/Documents/Sura_Apis/src/test/resources/features/LoginSara.feature
[Test worker] INFO  - Test Suite Started: Poder loguarse en sara y generar el token
[Test worker] INFO io.cucumber.core.plugin.SerenityReporter - Running feature from file:///C:/Users/Sergio/Documents/Sura_Apis/src/test/resources/features/ParametrizacionAsginacion.feature
[Test worker] INFO  - Test Suite Started: Parametrizacion de asignacion
[Test worker] INFO io.cucumber.core.plugin.SerenityReporter - Running feature from file:///C:/Users/Sergio/Documents/Sura_Apis/src/test/resources/features/ParametrizacionBotMonitoreo.feature
[Test worker] INFO  - Test Suite Started: Parametrizacion de bot de monitoreo
[Test worker] INFO io.cucumber.core.plugin.SerenityReporter - Running feature from file:///C:/Users/Sergio/Documents/Sura_Apis/src/test/resources/features/ParametrizacionBotOfertamiento.feature
[Test worker] INFO  - Test Suite Started: Parametrizacion Bot de ofertamiento Creacion y edicion
[Test worker] INFO io.cucumber.core.plugin.SerenityReporter - Running feature from file:///C:/Users/Sergio/Documents/Sura_Apis/src/test/resources/features/ParametrizacionCalculoTiempoMonitoreoSitio.feature
[Test worker] INFO  - Test Suite Started: Calculo de tiempo monitoreo en sitio
[Test worker] INFO io.cucumber.core.plugin.SerenityReporter - Running feature from file:///C:/Users/Sergio/Documents/Sura_Apis/src/test/resources/features/ParametrizacionCierreExpediente.feature
[Test worker] INFO  - Test Suite Started: feature de parametrizacion cierre de expediente
[Test worker] INFO io.cucumber.core.plugin.SerenityReporter - Running feature from file:///C:/Users/Sergio/Documents/Sura_Apis/src/test/resources/features/ParametrizacionDestinatariosAlerta.feature
[Test worker] INFO  - Test Suite Started: Parametrizacion de destinatarios de alertas
[Test worker] INFO io.cucumber.core.plugin.SerenityReporter - Running feature from file:///C:/Users/Sergio/Documents/Sura_Apis/src/test/resources/features/ParametrizacionIndicativosDeMarcacion.feature
[Test worker] INFO  - Test Suite Started: Parametrizacion de Indicativos de Marcacion
[Test worker] INFO io.cucumber.core.plugin.SerenityReporter - Running feature from file:///C:/Users/Sergio/Documents/Sura_Apis/src/test/resources/features/ParametrizacionMotivosDeLlamadas.feature
[Test worker] INFO  - Test Suite Started: Parametrizacion Motivos de llamadas
[Test worker] INFO io.cucumber.core.plugin.SerenityReporter - Running feature from file:///C:/Users/Sergio/Documents/Sura_Apis/src/test/resources/features/ParametrizacionNotificacionesPush.feature
[Test worker] INFO  - Test Suite Started: Parametrizacion notificaciones push
[Test worker] INFO io.cucumber.core.plugin.SerenityReporter - Running feature from file:///C:/Users/Sergio/Documents/Sura_Apis/src/test/resources/features/ParametrizacionRamos.feature
[Test worker] INFO  - Test Suite Started: Creacion una parametrizacion de ramos
[Test worker] INFO io.cucumber.core.plugin.SerenityReporter - Running feature from file:///C:/Users/Sergio/Documents/Sura_Apis/src/test/resources/features/ParametrizacionTiemposAlertas.feature
[Test worker] INFO  - Test Suite Started: Parametrizacion de tiempos de alertas
[Test worker] INFO io.cucumber.core.plugin.SerenityReporter - Running feature from file:///C:/Users/Sergio/Documents/Sura_Apis/src/test/resources/features/Pruebas.feature
[Test worker] INFO  - Test Suite Started: feature de prueba
[Test worker] INFO io.cucumber.core.plugin.SerenityReporter - Running feature from file:///C:/Users/Sergio/Documents/Sura_Apis/src/test/resources/features/Reportes.feature
[Test worker] INFO  - Test Suite Started: Poder loguarse en sara y generar el token
[Test worker] INFO io.cucumber.core.plugin.SerenityReporter - Running feature from file:///C:/Users/Sergio/Documents/Sura_Apis/src/test/resources/features/SubModuloGestionProveedores.feature
[Test worker] INFO  - Test Suite Started: Poder gestionar los roveedores en los expedientes
[Test worker] INFO io.cucumber.core.plugin.SerenityReporter - Running feature from file:///C:/Users/Sergio/Documents/Sura_Apis/src/test/resources/features/loginProective.feature
[Test worker] INFO  - Test Suite Started: inicio de sesion  de usuario
[Test worker] INFO io.cucumber.core.plugin.SerenityReporter - Running feature from file:///C:/Users/Sergio/Documents/Sura_Apis/src/test/resources/features/ParametrizacionCalculoTiempoMonitoreoSitio.feature
[Test worker] INFO  - Test Suite Started: Calculo de tiempo monitoreo en sitio
????????????????????????????????????????????????????????????????????????????
? View your Cucumber Report at:                                            ?
? https://reports.cucumber.io/reports/31302966-1d8d-4152-ab1c-45c50098e946 ?
?                                                                          ?
? This report will self-destruct in 24h.                                   ?
? Keep reports forever: https://reports.cucumber.io/profile                ?
????????????????????????????????????????????????????????????????????????????]]></system-err>
</testsuite>
