<?xml version="1.0" encoding="UTF-8"?>
<testsuite name="poder hacer cierre de tareas de monitoreo" tests="1" skipped="0" failures="0" errors="0" timestamp="2022-10-07T15:42:21" hostname="SERGIO" time="6.588">
  <properties/>
  <testcase name="Cierre de tarea monitoreo proacti" classname="poder hacer cierre de tareas de monitoreo" time="6.588"/>
  <system-out><![CDATA[Request method:	POST
Request URI:	https://saralabs.grupokonecta.co:8591/api/users/bot/auth
Proxy:			<none>
Request params:	<none>
Query params:	<none>
Form params:	<none>
Path params:	<none>
Headers:		Accept=*/*
				Content-Type=application/json
Cookies:		<none>
Multiparts:		<none>
Body:
{
    "userName": "bot.konecta.sura",
    "password": "b0tK0n3ct4*"
}
HTTP/1.1 200 OK
Server: nginx
Content-Type: application/json
Transfer-Encoding: chunked
Connection: keep-alive
Cache-Control: max-age=0, must-revalidate, no-cache, no-store, post-check=0, pre-check=0, private
Date: Fri, 07 Oct 2022 15:42:25 GMT
X-RateLimit-Limit: 6000
X-RateLimit-Remaining: 5999
Feature-Policy: accelerometer 'self'; ambient-light-sensor 'self'; autoplay 'self'; battery 'self'; camera 'self'; display-capture 'self'; document-domain *; encrypted-media 'self'; execution-while-not-rendered *; execution-while-out-of-viewport *; fullscreen 'self'; geolocation 'self'; gyroscope 'self'; layout-animations 'self'; legacy-image-formats 'self'; magnetometer 'self'; microphone 'self'; midi 'self'; navigation-override 'self'; oversized-images *; payment 'self'; picture-in-picture *; publickey-credentials 'self'; sync-xhr *; unoptimized-images 'self'; unsized-media *; usb 'self'; wake-lock 'self'; xr-spatial-tracking 'self'
Strict-Transport-Security: max-age=31536000; includeSubDomains; preload;
X-Content-Type-Options: nosniff
X-Download-Options: noopen
X-Frame-Options: sameorigin
X-Permitted-Cross-Domain-Policies: none
X-XSS-Protection: 1; mode=block
Referrer-Policy: no-referrer
Access-Control-Allow-Origin: https://easylabs.grupokonecta.local:5443
Access-Control-Allow-Methods: GET, POST, PUT, DELETE
Access-Control-Allow-Headers: X-Requested-With, Content-Type, X-Token-Auth, Authorization
Content-Security-Policy: default-src 'self'; script-src 'self' 'unsafe-inline' fonts.googleapis.com ssl.google-analytics.com; font-src 'self' fonts.gstatic.com; style-src 'self' 'unsafe-inline' fonts.googleapis.com; img-src 'self' ssl.google-analytics.com;
Pragma: no-cache
Access-Control-Max-Age: 2000
Content-Security-Policy: frame-ancestors 'self' *.ivinex.com
X-Content-Type-Options: nosniff
X-XSS-Protection: 1; mode = block
Cache-Control: private, no-cache, no-store, max-age=0, must-revalidate, post-check=0, pre-check=0
Pragma: no-cache
X-Content-Type-Options: nosniff

{
    "status": true,
    "data": "eyJ0eXAiOiJKV1QiLCJhbGciOiJIUzI1NiJ9.eyJpYXQiOjE2NjUxNTczNDUsImV4cCI6MTY2NTE4NjE0NSwiZGF0YSI6eyJuYW1lIjoiQm90IEtvbmVjdGEgU3VyYSIsImlkIjoiMiIsIm5ld0lkIjoyMDAwLCJpcF9zZXJ2ZXIiOiIxNzIuMjMuMS4xMTUifX0.SUNRAgAvCZHgQa7JIpItmiTLnDTj5yQBGZp926nw8Ik",
    "message": "Autenticación exitosa"
}
Request method:	POST
Request URI:	https://saralabs.grupokonecta.co:8591/api/monitoringTasks/closeTask
Proxy:			<none>
Request params:	<none>
Query params:	<none>
Form params:	<none>
Path params:	<none>
Headers:		Accept=*/*
				Content-Type=application/json
Cookies:		<none>
Multiparts:		<none>
Body:
{
    "token": "eyJ0eXAiOiJKV1QiLCJhbGciOiJIUzI1NiJ9.eyJpYXQiOjE2NjUxNTczNDUsImV4cCI6MTY2NTE4NjE0NSwiZGF0YSI6eyJuYW1lIjoiQm90IEtvbmVjdGEgU3VyYSIsImlkIjoiMiIsIm5ld0lkIjoyMDAwLCJpcF9zZXJ2ZXIiOiIxNzIuMjMuMS4xMTUifX0.SUNRAgAvCZHgQa7JIpItmiTLnDTj5yQBGZp926nw8Ik",
    "idCase": "1a5162f7-26a9-301b-914c-d03951979fe1",
    "idTask": "6e41cce8-181f-11ed-83d5-0050569f2da3 "
}
HTTP/1.1 200 OK
Server: nginx
Content-Type: application/json
Transfer-Encoding: chunked
Connection: keep-alive
Cache-Control: max-age=0, must-revalidate, no-cache, no-store, post-check=0, pre-check=0, private
Date: Fri, 07 Oct 2022 15:42:28 GMT
X-RateLimit-Limit: 6000
X-RateLimit-Remaining: 5998
Feature-Policy: accelerometer 'self'; ambient-light-sensor 'self'; autoplay 'self'; battery 'self'; camera 'self'; display-capture 'self'; document-domain *; encrypted-media 'self'; execution-while-not-rendered *; execution-while-out-of-viewport *; fullscreen 'self'; geolocation 'self'; gyroscope 'self'; layout-animations 'self'; legacy-image-formats 'self'; magnetometer 'self'; microphone 'self'; midi 'self'; navigation-override 'self'; oversized-images *; payment 'self'; picture-in-picture *; publickey-credentials 'self'; sync-xhr *; unoptimized-images 'self'; unsized-media *; usb 'self'; wake-lock 'self'; xr-spatial-tracking 'self'
Strict-Transport-Security: max-age=31536000; includeSubDomains; preload;
X-Content-Type-Options: nosniff
X-Download-Options: noopen
X-Frame-Options: sameorigin
X-Permitted-Cross-Domain-Policies: none
X-XSS-Protection: 1; mode=block
Referrer-Policy: no-referrer
Access-Control-Allow-Origin: https://easylabs.grupokonecta.local:5443
Access-Control-Allow-Methods: GET, POST, PUT, DELETE
Access-Control-Allow-Headers: X-Requested-With, Content-Type, X-Token-Auth, Authorization
Content-Security-Policy: default-src 'self'; script-src 'self' 'unsafe-inline' fonts.googleapis.com ssl.google-analytics.com; font-src 'self' fonts.gstatic.com; style-src 'self' 'unsafe-inline' fonts.googleapis.com; img-src 'self' ssl.google-analytics.com;
Pragma: no-cache
Access-Control-Max-Age: 2000
Content-Security-Policy: frame-ancestors 'self' *.ivinex.com
X-Content-Type-Options: nosniff
X-XSS-Protection: 1; mode = block
Cache-Control: private, no-cache, no-store, max-age=0, must-revalidate, post-check=0, pre-check=0
Pragma: no-cache
X-Content-Type-Options: nosniff

{
    "status": true,
    "data": "",
    "message": "Registro guardado correctamente"
}
]]></system-out>
  <system-err><![CDATA[[Test worker] INFO io.cucumber.core.plugin.SerenityReporter - Running feature from file:///C:/Users/Sergio/Documents/Sura_Apis/src/test/resources/features/CierreTareaProactive.feature
[Test worker] INFO  - 
  _____   ___   ___   _____     ___   _____     _     ___   _____   ___   ___  
 |_   _| | __| / __| |_   _|   / __| |_   _|   /_\   | _ \ |_   _| | __| |   \ 
   | |   | _|  \__ \   | |     \__ \   | |    / _ \  |   /   | |   | _|  | |) |
   |_|   |___| |___/   |_|     |___/   |_|   /_/ \_\ |_|_\   |_|   |___| |___/ 

Cierre de tarea monitoreo proacti(poder-hacer-cierre-de-tareas-de-monitoreo;cierre-de-tarea-monitoreo-proacti)
--------------------------------------------------------------------------------
[Test worker] INFO  - 
  _____   ___   ___   _____     ___     _     ___   ___   ___   ___  
 |_   _| | __| / __| |_   _|   | _ \   /_\   / __| / __| | __| |   \ 
   | |   | _|  \__ \   | |     |  _/  / _ \  \__ \ \__ \ | _|  | |) |
   |_|   |___| |___/   |_|     |_|   /_/ \_\ |___/ |___/ |___| |___/ 

Cierre de tarea monitoreo proacti
----------------------------------------------------------------------
]]></system-err>
</testsuite>
